Summary of SPARK analysis
=========================

--------------------------------------------------------------------------------------------
SPARK Analysis results        Total       Flow   CodePeer     Provers   Justified   Unproved
--------------------------------------------------------------------------------------------
Data Dependencies                 2          2          .           .           .          .
Flow Dependencies                 2          2          .           .           .          .
Initialization                    1          1          .           .           .          .
Non-Aliasing                      .          .          .           .           .          .
Run-time Checks                   6          .          .    6 (CVC4)           .          .
Assertions                        8          .          .    8 (CVC4)           .          .
Functional Contracts              2          .          .    2 (CVC4)           .          .
LSP Verification                  .          .          .           .           .          .
Termination                       .          .          .           .           .          .
Concurrency                       .          .          .           .           .          .
--------------------------------------------------------------------------------------------
Total                            21    5 (24%)          .    16 (76%)           .          .


max steps used for successful proof: 1

Analyzed 2 units
in unit pkg_find, 2 subprograms and packages out of 2 analyzed
  PKg_Find at pkg_find.ads:1 flow analyzed (0 errors, 0 checks and 0 warnings) and proved (0 checks)
  PKg_Find.Find at pkg_find.ads:4 flow analyzed (0 errors, 0 checks and 0 warnings) and proved (8 checks)
in unit pkg_vocales, 2 subprograms and packages out of 2 analyzed
  Pkg_Vocales at pkg_vocales.ads:1 flow analyzed (0 errors, 0 checks and 0 warnings) and proved (0 checks)
  Pkg_Vocales.Vocales at pkg_vocales.ads:3 flow analyzed (0 errors, 0 checks and 0 warnings) and proved (8 checks)
